2023-07-26T10:55:39.886+09:00  INFO 8288 --- [restartedMain] com.ssafy.jarviser.JarviserApplication   : Starting JarviserApplication using Java 17.0.7 with PID 8288 (C:\Users\SSAFY\IdeaProjects\S09P12A506\jarviser_backend\jarviser\out\production\classes started by SSAFY in C:\Users\SSAFY\IdeaProjects\S09P12A506)
2023-07-26T10:55:39.892+09:00  INFO 8288 --- [restartedMain] com.ssafy.jarviser.JarviserApplication   : No active profile set, falling back to 1 default profile: "default"
2023-07-26T10:55:39.955+09:00  INFO 8288 --- [restartedMain] .e.DevToolsPropertyDefaultsPostProcessor : Devtools property defaults active! Set 'spring.devtools.add-properties' to 'false' to disable
2023-07-26T10:55:39.955+09:00  INFO 8288 --- [restartedMain] .e.DevToolsPropertyDefaultsPostProcessor : For additional web related logging consider setting the 'logging.level.web' property to 'DEBUG'
2023-07-26T10:55:40.843+09:00  INFO 8288 --- [restartedMain] .s.d.r.c.RepositoryConfigurationDelegate : Bootstrapping Spring Data JPA repositories in DEFAULT mode.
2023-07-26T10:55:41.020+09:00  INFO 8288 --- [restartedMain] .s.d.r.c.RepositoryConfigurationDelegate : Finished Spring Data repository scanning in 168 ms. Found 1 JPA repository interfaces.
2023-07-26T10:55:41.685+09:00  INFO 8288 --- [restartedMain] o.s.b.w.embedded.tomcat.TomcatWebServer  : Tomcat initialized with port(s): 8081 (http)
2023-07-26T10:55:41.696+09:00  INFO 8288 --- [restartedMain] o.apache.catalina.core.StandardService   : Starting service [Tomcat]
2023-07-26T10:55:41.696+09:00  INFO 8288 --- [restartedMain] o.apache.catalina.core.StandardEngine    : Starting Servlet engine: [Apache Tomcat/10.1.11]
2023-07-26T10:55:41.781+09:00  INFO 8288 --- [restartedMain] o.a.c.c.C.[Tomcat].[localhost].[/]       : Initializing Spring embedded WebApplicationContext
2023-07-26T10:55:41.781+09:00  INFO 8288 --- [restartedMain] w.s.c.ServletWebServerApplicationContext : Root WebApplicationContext: initialization completed in 1825 ms
2023-07-26T10:55:41.934+09:00  INFO 8288 --- [restartedMain] o.hibernate.jpa.internal.util.LogHelper  : HHH000204: Processing PersistenceUnitInfo [name: default]
2023-07-26T10:55:41.997+09:00  INFO 8288 --- [restartedMain] org.hibernate.Version                    : HHH000412: Hibernate ORM core version 6.2.6.Final
2023-07-26T10:55:42.001+09:00  INFO 8288 --- [restartedMain] org.hibernate.cfg.Environment            : HHH000406: Using bytecode reflection optimizer
2023-07-26T10:55:42.161+09:00  INFO 8288 --- [restartedMain] o.h.b.i.BytecodeProviderInitiator        : HHH000021: Bytecode provider name : bytebuddy
2023-07-26T10:55:42.331+09:00  INFO 8288 --- [restartedMain] o.s.o.j.p.SpringPersistenceUnitInfo      : No LoadTimeWeaver setup: ignoring JPA class transformer
2023-07-26T10:55:42.351+09:00  INFO 8288 --- [restartedMain] com.zaxxer.hikari.HikariDataSource       : HikariPool-1 - Starting...
2023-07-26T10:55:42.515+09:00  INFO 8288 --- [restartedMain] com.zaxxer.hikari.pool.HikariPool        : HikariPool-1 - Added connection com.mysql.cj.jdbc.ConnectionImpl@7aea991d
2023-07-26T10:55:42.517+09:00  INFO 8288 --- [restartedMain] com.zaxxer.hikari.HikariDataSource       : HikariPool-1 - Start completed.
2023-07-26T10:55:42.567+09:00  WARN 8288 --- [restartedMain] org.hibernate.orm.deprecation            : HHH90000026: MySQL8Dialect has been deprecated; use org.hibernate.dialect.MySQLDialect instead
2023-07-26T10:55:42.787+09:00  INFO 8288 --- [restartedMain] o.h.b.i.BytecodeProviderInitiator        : HHH000021: Bytecode provider name : bytebuddy
2023-07-26T10:55:43.463+09:00  INFO 8288 --- [restartedMain] o.h.e.t.j.p.i.JtaPlatformInitiator       : HHH000490: Using JtaPlatform implementation: [org.hibernate.engine.transaction.jta.platform.internal.NoJtaPlatform]
2023-07-26T10:55:43.542+09:00  INFO 8288 --- [restartedMain] j.LocalContainerEntityManagerFactoryBean : Initialized JPA EntityManagerFactory for persistence unit 'default'
2023-07-26T10:55:43.939+09:00  WARN 8288 --- [restartedMain] JpaBaseConfiguration$JpaWebConfiguration : spring.jpa.open-in-view is enabled by default. Therefore, database queries may be performed during view rendering. Explicitly configure spring.jpa.open-in-view to disable this warning
2023-07-26T10:55:44.012+09:00 DEBUG 8288 --- [restartedMain] s.w.s.m.m.a.RequestMappingHandlerAdapter : ControllerAdvice beans: 0 @ModelAttribute, 0 @InitBinder, 1 RequestBodyAdvice, 1 ResponseBodyAdvice
2023-07-26T10:55:44.110+09:00 DEBUG 8288 --- [restartedMain] s.w.s.m.m.a.RequestMappingHandlerMapping : 7 mappings in 'requestMappingHandlerMapping'
2023-07-26T10:55:44.665+09:00 DEBUG 8288 --- [restartedMain] o.s.w.s.handler.SimpleUrlHandlerMapping  : Patterns [/webjars/**, /**, /swagger-ui*/*swagger-initializer.js, /swagger-ui*/**] in 'resourceHandlerMapping'
2023-07-26T10:55:44.672+09:00 DEBUG 8288 --- [restartedMain] .m.m.a.ExceptionHandlerExceptionResolver : ControllerAdvice beans: 1 @ExceptionHandler, 1 ResponseBodyAdvice
2023-07-26T10:55:45.654+09:00  INFO 8288 --- [restartedMain] o.s.b.d.a.OptionalLiveReloadServer       : LiveReload server is running on port 35729
2023-07-26T10:55:45.691+09:00  INFO 8288 --- [restartedMain] o.s.b.w.embedded.tomcat.TomcatWebServer  : Tomcat started on port(s): 8081 (http) with context path ''
2023-07-26T10:55:45.700+09:00  INFO 8288 --- [restartedMain] com.ssafy.jarviser.JarviserApplication   : Started JarviserApplication in 6.309 seconds (process running for 7.112)
2023-07-26T10:55:59.479+09:00  INFO 8288 --- [http-nio-8081-exec-1] o.a.c.c.C.[Tomcat].[localhost].[/]       : Initializing Spring DispatcherServlet 'dispatcherServlet'
2023-07-26T10:55:59.479+09:00  INFO 8288 --- [http-nio-8081-exec-1] o.s.web.servlet.DispatcherServlet        : Initializing Servlet 'dispatcherServlet'
2023-07-26T10:55:59.480+09:00 DEBUG 8288 --- [http-nio-8081-exec-1] o.s.web.servlet.DispatcherServlet        : Detected StandardServletMultipartResolver
2023-07-26T10:55:59.480+09:00 DEBUG 8288 --- [http-nio-8081-exec-1] o.s.web.servlet.DispatcherServlet        : Detected AcceptHeaderLocaleResolver
2023-07-26T10:55:59.480+09:00 DEBUG 8288 --- [http-nio-8081-exec-1] o.s.web.servlet.DispatcherServlet        : Detected FixedThemeResolver
2023-07-26T10:55:59.481+09:00 DEBUG 8288 --- [http-nio-8081-exec-1] o.s.web.servlet.DispatcherServlet        : Detected org.springframework.web.servlet.view.DefaultRequestToViewNameTranslator@7168d4c9
2023-07-26T10:55:59.482+09:00 DEBUG 8288 --- [http-nio-8081-exec-1] o.s.web.servlet.DispatcherServlet        : Detected org.springframework.web.servlet.support.SessionFlashMapManager@244c00a0
2023-07-26T10:55:59.482+09:00 DEBUG 8288 --- [http-nio-8081-exec-1] o.s.web.servlet.DispatcherServlet        : enableLoggingRequestDetails='false': request parameters and headers will be masked to prevent unsafe logging of potentially sensitive data
2023-07-26T10:55:59.482+09:00  INFO 8288 --- [http-nio-8081-exec-1] o.s.web.servlet.DispatcherServlet        : Completed initialization in 3 ms
2023-07-26T10:55:59.491+09:00 DEBUG 8288 --- [http-nio-8081-exec-1] o.s.web.servlet.DispatcherServlet        : GET "/swagger-ui/index.html", parameters={}
2023-07-26T10:55:59.499+09:00 DEBUG 8288 --- [http-nio-8081-exec-1] o.s.w.s.handler.SimpleUrlHandlerMapping  : Mapped to ResourceHttpRequestHandler [classpath [META-INF/resources/webjars/]]
2023-07-26T10:55:59.521+09:00 DEBUG 8288 --- [http-nio-8081-exec-1] o.s.web.servlet.DispatcherServlet        : Completed 304 NOT_MODIFIED
2023-07-26T10:55:59.536+09:00 DEBUG 8288 --- [http-nio-8081-exec-2] o.s.web.servlet.DispatcherServlet        : GET "/swagger-ui/swagger-ui.css", parameters={}
2023-07-26T10:55:59.537+09:00 DEBUG 8288 --- [http-nio-8081-exec-2] o.s.w.s.handler.SimpleUrlHandlerMapping  : Mapped to ResourceHttpRequestHandler [classpath [META-INF/resources/webjars/]]
2023-07-26T10:55:59.540+09:00 DEBUG 8288 --- [http-nio-8081-exec-2] o.s.web.servlet.DispatcherServlet        : Completed 304 NOT_MODIFIED
2023-07-26T10:55:59.548+09:00 DEBUG 8288 --- [http-nio-8081-exec-4] o.s.web.servlet.DispatcherServlet        : GET "/swagger-ui/swagger-initializer.js", parameters={}
2023-07-26T10:55:59.548+09:00 DEBUG 8288 --- [http-nio-8081-exec-3] o.s.web.servlet.DispatcherServlet        : GET "/swagger-ui/index.css", parameters={}
2023-07-26T10:55:59.548+09:00 DEBUG 8288 --- [http-nio-8081-exec-6] o.s.web.servlet.DispatcherServlet        : GET "/swagger-ui/swagger-ui-standalone-preset.js", parameters={}
2023-07-26T10:55:59.548+09:00 DEBUG 8288 --- [http-nio-8081-exec-5] o.s.web.servlet.DispatcherServlet        : GET "/swagger-ui/swagger-ui-bundle.js", parameters={}
2023-07-26T10:55:59.549+09:00 DEBUG 8288 --- [http-nio-8081-exec-4] o.s.w.s.handler.SimpleUrlHandlerMapping  : Mapped to ResourceHttpRequestHandler [classpath [META-INF/resources/webjars/]]
2023-07-26T10:55:59.549+09:00 DEBUG 8288 --- [http-nio-8081-exec-6] o.s.w.s.handler.SimpleUrlHandlerMapping  : Mapped to ResourceHttpRequestHandler [classpath [META-INF/resources/webjars/]]
2023-07-26T10:55:59.549+09:00 DEBUG 8288 --- [http-nio-8081-exec-3] o.s.w.s.handler.SimpleUrlHandlerMapping  : Mapped to ResourceHttpRequestHandler [classpath [META-INF/resources/webjars/]]
2023-07-26T10:55:59.550+09:00 DEBUG 8288 --- [http-nio-8081-exec-5] o.s.w.s.handler.SimpleUrlHandlerMapping  : Mapped to ResourceHttpRequestHandler [classpath [META-INF/resources/webjars/]]
2023-07-26T10:55:59.552+09:00 DEBUG 8288 --- [http-nio-8081-exec-6] o.s.web.servlet.DispatcherServlet        : Completed 304 NOT_MODIFIED
2023-07-26T10:55:59.552+09:00 DEBUG 8288 --- [http-nio-8081-exec-5] o.s.web.servlet.DispatcherServlet        : Completed 304 NOT_MODIFIED
2023-07-26T10:55:59.552+09:00 DEBUG 8288 --- [http-nio-8081-exec-3] o.s.web.servlet.DispatcherServlet        : Completed 304 NOT_MODIFIED
2023-07-26T10:55:59.585+09:00 DEBUG 8288 --- [http-nio-8081-exec-4] o.s.web.servlet.DispatcherServlet        : Completed 200 OK
2023-07-26T10:55:59.718+09:00 DEBUG 8288 --- [http-nio-8081-exec-8] o.s.web.servlet.DispatcherServlet        : GET "/v3/api-docs/swagger-config", parameters={}
2023-07-26T10:55:59.720+09:00 DEBUG 8288 --- [http-nio-8081-exec-8] s.w.s.m.m.a.RequestMappingHandlerMapping : Mapped to org.springdoc.webmvc.ui.SwaggerConfigResource#openapiJson(HttpServletRequest)
2023-07-26T10:55:59.733+09:00 DEBUG 8288 --- [http-nio-8081-exec-8] m.m.a.RequestResponseBodyMethodProcessor : Using 'application/json', given [*/*] and supported [application/json]
2023-07-26T10:55:59.734+09:00 DEBUG 8288 --- [http-nio-8081-exec-8] m.m.a.RequestResponseBodyMethodProcessor : Writing [{configUrl=/v3/api-docs/swagger-config, oauth2RedirectUrl=http://localhost:8081/swagger-ui/oauth2-re (truncated)...]
2023-07-26T10:55:59.740+09:00 DEBUG 8288 --- [http-nio-8081-exec-8] o.s.web.servlet.DispatcherServlet        : Completed 200 OK
2023-07-26T10:55:59.757+09:00 DEBUG 8288 --- [http-nio-8081-exec-9] o.s.web.servlet.DispatcherServlet        : GET "/v3/api-docs", parameters={}
2023-07-26T10:55:59.757+09:00 DEBUG 8288 --- [http-nio-8081-exec-9] s.w.s.m.m.a.RequestMappingHandlerMapping : Mapped to org.springdoc.webmvc.api.OpenApiWebMvcResource#openapiJson(HttpServletRequest, String, Locale)
2023-07-26T10:55:59.961+09:00  INFO 8288 --- [http-nio-8081-exec-9] o.springdoc.api.AbstractOpenApiResource  : Init duration for springdoc-openapi is: 194 ms
2023-07-26T10:55:59.973+09:00 DEBUG 8288 --- [http-nio-8081-exec-9] m.m.a.RequestResponseBodyMethodProcessor : Using 'application/json', given [application/json, */*] and supported [application/json]
2023-07-26T10:55:59.974+09:00 DEBUG 8288 --- [http-nio-8081-exec-9] m.m.a.RequestResponseBodyMethodProcessor : Writing ["{"openapi":"3.0.1","info":{"title":"스프링시큐리티 + JWT 예제","description":"스프링시큐리티와 JWT를 이용한 사용자 인증 예제입니다. (truncated)..."]
2023-07-26T10:55:59.975+09:00 DEBUG 8288 --- [http-nio-8081-exec-9] o.s.web.servlet.DispatcherServlet        : Completed 200 OK
2023-07-26T10:56:41.103+09:00 DEBUG 8288 --- [http-nio-8081-exec-10] o.s.web.servlet.DispatcherServlet        : GET "/swagger-ui/index.html", parameters={}
2023-07-26T10:56:41.105+09:00 DEBUG 8288 --- [http-nio-8081-exec-10] o.s.w.s.handler.SimpleUrlHandlerMapping  : Mapped to ResourceHttpRequestHandler [classpath [META-INF/resources/webjars/]]
2023-07-26T10:56:41.107+09:00 DEBUG 8288 --- [http-nio-8081-exec-10] o.s.web.servlet.DispatcherServlet        : Completed 304 NOT_MODIFIED
2023-07-26T10:56:41.117+09:00 DEBUG 8288 --- [http-nio-8081-exec-7] o.s.web.servlet.DispatcherServlet        : GET "/swagger-ui/swagger-initializer.js", parameters={}
2023-07-26T10:56:41.118+09:00 DEBUG 8288 --- [http-nio-8081-exec-7] o.s.w.s.handler.SimpleUrlHandlerMapping  : Mapped to ResourceHttpRequestHandler [classpath [META-INF/resources/webjars/]]
2023-07-26T10:56:41.121+09:00 DEBUG 8288 --- [http-nio-8081-exec-7] o.s.web.servlet.DispatcherServlet        : Completed 200 OK
2023-07-26T10:56:41.172+09:00 DEBUG 8288 --- [http-nio-8081-exec-1] o.s.web.servlet.DispatcherServlet        : GET "/v3/api-docs/swagger-config", parameters={}
2023-07-26T10:56:41.172+09:00 DEBUG 8288 --- [http-nio-8081-exec-1] s.w.s.m.m.a.RequestMappingHandlerMapping : Mapped to org.springdoc.webmvc.ui.SwaggerConfigResource#openapiJson(HttpServletRequest)
2023-07-26T10:56:41.172+09:00 DEBUG 8288 --- [http-nio-8081-exec-1] m.m.a.RequestResponseBodyMethodProcessor : Using 'application/json', given [*/*] and supported [application/json]
2023-07-26T10:56:41.173+09:00 DEBUG 8288 --- [http-nio-8081-exec-1] m.m.a.RequestResponseBodyMethodProcessor : Writing [{configUrl=/v3/api-docs/swagger-config, oauth2RedirectUrl=http://localhost:8081/swagger-ui/oauth2-re (truncated)...]
2023-07-26T10:56:41.173+09:00 DEBUG 8288 --- [http-nio-8081-exec-2] o.s.web.servlet.DispatcherServlet        : GET "/swagger-ui/favicon-32x32.png", parameters={}
2023-07-26T10:56:41.173+09:00 DEBUG 8288 --- [http-nio-8081-exec-1] o.s.web.servlet.DispatcherServlet        : Completed 200 OK
2023-07-26T10:56:41.174+09:00 DEBUG 8288 --- [http-nio-8081-exec-2] o.s.w.s.handler.SimpleUrlHandlerMapping  : Mapped to ResourceHttpRequestHandler [classpath [META-INF/resources/webjars/]]
2023-07-26T10:56:41.177+09:00 DEBUG 8288 --- [http-nio-8081-exec-2] o.s.web.servlet.DispatcherServlet        : Completed 304 NOT_MODIFIED
2023-07-26T10:56:41.184+09:00 DEBUG 8288 --- [http-nio-8081-exec-5] o.s.web.servlet.DispatcherServlet        : GET "/v3/api-docs", parameters={}
2023-07-26T10:56:41.185+09:00 DEBUG 8288 --- [http-nio-8081-exec-5] s.w.s.m.m.a.RequestMappingHandlerMapping : Mapped to org.springdoc.webmvc.api.OpenApiWebMvcResource#openapiJson(HttpServletRequest, String, Locale)
2023-07-26T10:56:41.191+09:00 DEBUG 8288 --- [http-nio-8081-exec-5] m.m.a.RequestResponseBodyMethodProcessor : Using 'application/json', given [application/json, */*] and supported [application/json]
2023-07-26T10:56:41.191+09:00 DEBUG 8288 --- [http-nio-8081-exec-5] m.m.a.RequestResponseBodyMethodProcessor : Writing ["{"openapi":"3.0.1","info":{"title":"스프링시큐리티 + JWT 예제","description":"스프링시큐리티와 JWT를 이용한 사용자 인증 예제입니다. (truncated)..."]
2023-07-26T10:56:41.192+09:00 DEBUG 8288 --- [http-nio-8081-exec-5] o.s.web.servlet.DispatcherServlet        : Completed 200 OK
2023-07-26T10:57:10.447+09:00 DEBUG 8288 --- [http-nio-8081-exec-4] o.s.web.servlet.DispatcherServlet        : POST "/user/signup", parameters={}
2023-07-26T10:57:10.447+09:00 DEBUG 8288 --- [http-nio-8081-exec-4] s.w.s.m.m.a.RequestMappingHandlerMapping : Mapped to com.ssafy.jarviser.controller.UserController#signUp(RequestUserDto)
2023-07-26T10:57:10.459+09:00 DEBUG 8288 --- [http-nio-8081-exec-4] m.m.a.RequestResponseBodyMethodProcessor : Read "application/json;charset=UTF-8" to [RequestUserDto(userId=string, password=string, name=string, email=string, provider=string, providedI (truncated)...]
2023-07-26T10:57:10.544+09:00  INFO 8288 --- [http-nio-8081-exec-4] c.s.jarviser.service.UserServiceImpl     : DB에 회원 저장 성공
2023-07-26T10:57:10.546+09:00 DEBUG 8288 --- [http-nio-8081-exec-4] o.s.w.s.m.m.a.HttpEntityMethodProcessor  : Using 'application/json', given [*/*] and supported [application/json, application/*+json]
2023-07-26T10:57:10.546+09:00 DEBUG 8288 --- [http-nio-8081-exec-4] o.s.w.s.m.m.a.HttpEntityMethodProcessor  : Writing [{message=success}]
2023-07-26T10:57:10.547+09:00 DEBUG 8288 --- [http-nio-8081-exec-4] o.s.web.servlet.DispatcherServlet        : Completed 202 ACCEPTED
